[90m2024-07-29T17:41:43.562Z[39m [32mDEBUG[39m [97m@wdio/browserstack-service[39m Sending SDK event with data {
  userName: 'tanmoychowdhury2',
  accessKey: '2YRJB9ASJeRXWjqwJ5u9',
  event_type: 'SDKTestAttempted',
  detectedFramework: 'WebdriverIO-mocha',
  event_properties: {
    language_framework: 'WebdriverIO_mocha',
    referrer: 'WebdriverIO-mocha/8.39.1',
    language: 'WebdriverIO',
    languageVersion: 'v18.20.4',
    buildName: 'bstack-demo',
    buildIdentifier: 'undefined',
    sdkRunId: '475ef0a6-4540-4db8-841f-5d901f41825f',
    os: 'Windows_NT',
    hostname: 'WKWZTB3noIqqNA5',
    productMap: {
      observability: true,
      accessibility: false,
      percy: false,
      automate: true,
      app_automate: false
    },
    product: [ 'observability', 'automate' ]
  }
}
[90m2024-07-29T17:41:44.737Z[39m [32mDEBUG[39m [97m@wdio/browserstack-service[39m Funnel event success
[90m2024-07-29T17:41:44.737Z[39m [32mDEBUG[39m [97m@wdio/browserstack-service[39m app is not defined in browserstack-service config, skipping ...
[90m2024-07-29T17:41:44.738Z[39m [32mDEBUG[39m [97m@wdio/browserstack-service[39m Sending launch start event
[90m2024-07-29T17:41:46.147Z[39m [32mDEBUG[39m [97m@wdio/browserstack-service[39m [Start_Build] Success response: {"build_hashed_id":"2xtr9ixemibcuhhlcd75lewt0jjxtwdpcrbkszse","jwt":"eyJhbGciOiJIUzI1NiJ9.eyJpc3MiOiJicm93c2Vyc3RhY2tfb2IiLCJzdWIiOiI0NDY5OTQyIiwiZ3JvdXBfaWQiOjQ0MTU2NjIsInVzZXJfaWQiOjQ0Njk5NDIsImJ1aWxkX2hhc2hlZF9pZCI6IjJ4dHI5aXhlbWliY3VoaGxjZDc1bGV3dDBqanh0d2RwY3Jia3N6c2UiLCJwcm9qZWN0X25hbWUiOiJwZXRzbWFydHdlYmRyaXZlcmlvcHJvamVjdCIsImhvb2tfYXNfdGVzdCI6IjEiLCJidWlsZF9uYW1lIjoiYnN0YWNrLWRlbW8iLCJwcm9kdWN0X21hcCI6IntcIm9ic2VydmFiaWxpdHlcIjp0cnVlfSIsImdycl9yZWdpb24iOiIiLCJzaWduaW5nX2tleV9oYXNoIjoiNTc4ZmNjNDA2MDY4OTI4ZjMyNzQ2NGZkY2UwNWJiYzNlYWQ3YWVjMDMwN2NlNmJlNWQzOGRhYTQ3MDI2NDg5NiIsImlhdCI6MTcyMjI3NDkwNSwiZXhwIjoxNzIyNjIwNTA1fQ.lzu_cN_0oMWzt7RV8ADEhVe_BG8bQ_wyZcXiQp-r9JI","allow_screenshots":true}
[90m2024-07-29T17:41:46.148Z[39m [96mINFO[39m [97m@wdio/browserstack-service[39m browserstackLocal is not enabled - skipping...
[90m2024-07-29T17:41:58.085Z[39m [32mDEBUG[39m [97m@wdio/browserstack-service[39m Requesting Browserstack session URL at https://api.browserstack.com/automate/sessions/bff00b746f365ff36f6cd2022aaf03687a586aef.json
[90m2024-07-29T17:41:58.498Z[39m [96mINFO[39m [97m@wdio/browserstack-service[39m Windows 11 Chrome 126.0 session: https://automate.browserstack.com/builds/83f146daf640a5bd4e65786a0a921117f41c6d93/sessions/bff00b746f365ff36f6cd2022aaf03687a586aef
[90m2024-07-29T17:41:58.524Z[39m [96mINFO[39m [97m@wdio/browserstack-service[39m Update job with sessionId bff00b746f365ff36f6cd2022aaf03687a586aef
[90m2024-07-29T17:41:58.525Z[39m [32mDEBUG[39m [97m@wdio/browserstack-service[39m Updating Browserstack session at https://api.browserstack.com/automate/sessions/bff00b746f365ff36f6cd2022aaf03687a586aef.json with request body: 
[90m2024-07-29T17:41:59.054Z[39m [32mDEBUG[39m [97m@wdio/browserstack-service[39m Added data to request queue. Queue length = 1
[90m2024-07-29T17:41:59.064Z[39m [32mDEBUG[39m [97m@wdio/browserstack-service[39m Added data to request queue. Queue length = 2
[90m2024-07-29T17:41:59.085Z[39m [32mDEBUG[39m [97m@wdio/browserstack-service[39m Added data to request queue. Queue length = 3
[90m2024-07-29T17:41:59.163Z[39m [32mDEBUG[39m [97m@wdio/browserstack-service[39m Added data to request queue. Queue length = 4
[90m2024-07-29T17:41:59.247Z[39m [32mDEBUG[39m [97m@wdio/browserstack-service[39m Added data to request queue. Queue length = 5
[90m2024-07-29T17:41:59.257Z[39m [32mDEBUG[39m [97m@wdio/browserstack-service[39m Added data to request queue. Queue length = 6
[90m2024-07-29T17:41:59.281Z[39m [32mDEBUG[39m [97m@wdio/browserstack-service[39m Added data to request queue. Queue length = 7
[90m2024-07-29T17:42:00.320Z[39m [32mDEBUG[39m [97m@wdio/browserstack-service[39m Added data to request queue. Queue length = 8
[90m2024-07-29T17:42:00.320Z[39m [32mDEBUG[39m [97m@wdio/browserstack-service[39m Added data to request queue. Queue length = 9
[90m2024-07-29T17:42:00.321Z[39m [96mINFO[39m [97m@wdio/browserstack-service[39m Update job with sessionId bff00b746f365ff36f6cd2022aaf03687a586aef
[90m2024-07-29T17:42:00.321Z[39m [32mDEBUG[39m [97m@wdio/browserstack-service[39m Updating Browserstack session at https://api.browserstack.com/automate/sessions/bff00b746f365ff36f6cd2022aaf03687a586aef.json with request body: 
[90m2024-07-29T17:42:00.910Z[39m [32mDEBUG[39m [97m@wdio/browserstack-service[39m Added data to request queue. Queue length = 10
[90m2024-07-29T17:42:01.067Z[39m [32mDEBUG[39m [97m@wdio/browserstack-service[39m Sending data from request queue. Data length = 10, Queue length after removal = 0
[90m2024-07-29T17:42:01.067Z[39m [32mDEBUG[39m [97m@wdio/browserstack-service[39m calling callback with kind INTERVAL_QUEUE
[90m2024-07-29T17:42:01.067Z[39m [32mDEBUG[39m [97m@wdio/browserstack-service[39m callback: called with events 10
[90m2024-07-29T17:42:02.097Z[39m [32mDEBUG[39m [97m@wdio/browserstack-service[39m [BATCH_DATA] Success response: {"success":true}
[90m2024-07-29T17:42:02.097Z[39m [32mDEBUG[39m [97m@wdio/browserstack-service[39m callback: marking events success 10
[90m2024-07-29T17:42:16.040Z[39m [32mDEBUG[39m [97m@wdio/browserstack-service[39m Added data to request queue. Queue length = 1
[90m2024-07-29T17:42:16.216Z[39m [32mDEBUG[39m [97m@wdio/browserstack-service[39m Added data to request queue. Queue length = 2
[90m2024-07-29T17:42:16.374Z[39m [32mDEBUG[39m [97m@wdio/browserstack-service[39m Added data to request queue. Queue length = 3
[90m2024-07-29T17:42:16.528Z[39m [32mDEBUG[39m [97m@wdio/browserstack-service[39m Added data to request queue. Queue length = 4
[90m2024-07-29T17:42:16.886Z[39m [32mDEBUG[39m [97m@wdio/browserstack-service[39m Added data to request queue. Queue length = 5
[90m2024-07-29T17:42:16.974Z[39m [32mDEBUG[39m [97m@wdio/browserstack-service[39m Added data to request queue. Queue length = 6
[90m2024-07-29T17:42:17.063Z[39m [32mDEBUG[39m [97m@wdio/browserstack-service[39m Added data to request queue. Queue length = 7
[90m2024-07-29T17:42:17.156Z[39m [32mDEBUG[39m [97m@wdio/browserstack-service[39m Sending data from request queue. Data length = 7, Queue length after removal = 0
[90m2024-07-29T17:42:17.156Z[39m [32mDEBUG[39m [97m@wdio/browserstack-service[39m calling callback with kind INTERVAL_QUEUE
[90m2024-07-29T17:42:17.157Z[39m [32mDEBUG[39m [97m@wdio/browserstack-service[39m callback: called with events 7
[90m2024-07-29T17:42:17.171Z[39m [32mDEBUG[39m [97m@wdio/browserstack-service[39m Added data to request queue. Queue length = 1
[90m2024-07-29T17:42:17.363Z[39m [32mDEBUG[39m [97m@wdio/browserstack-service[39m Added data to request queue. Queue length = 2
[90m2024-07-29T17:42:17.411Z[39m [32mDEBUG[39m [97m@wdio/browserstack-service[39m [BATCH_DATA] Success response: {"success":true}
[90m2024-07-29T17:42:17.411Z[39m [32mDEBUG[39m [97m@wdio/browserstack-service[39m callback: marking events success 7
[90m2024-07-29T17:42:17.452Z[39m [32mDEBUG[39m [97m@wdio/browserstack-service[39m Added data to request queue. Queue length = 3
[90m2024-07-29T17:42:17.536Z[39m [32mDEBUG[39m [97m@wdio/browserstack-service[39m Added data to request queue. Queue length = 4
[90m2024-07-29T17:42:19.157Z[39m [32mDEBUG[39m [97m@wdio/browserstack-service[39m Sending data from request queue. Data length = 4, Queue length after removal = 0
[90m2024-07-29T17:42:19.157Z[39m [32mDEBUG[39m [97m@wdio/browserstack-service[39m calling callback with kind INTERVAL_QUEUE
[90m2024-07-29T17:42:19.157Z[39m [32mDEBUG[39m [97m@wdio/browserstack-service[39m callback: called with events 4
[90m2024-07-29T17:42:19.190Z[39m [32mDEBUG[39m [97m@wdio/browserstack-service[39m Added data to request queue. Queue length = 1
[90m2024-07-29T17:42:19.190Z[39m [32mDEBUG[39m [97m@wdio/browserstack-service[39m calling testFinished
[90m2024-07-29T17:42:19.191Z[39m [32mDEBUG[39m [97m@wdio/browserstack-service[39m Added data to request queue. Queue length = 2
[90m2024-07-29T17:42:19.191Z[39m [32mDEBUG[39m [97m@wdio/browserstack-service[39m Accessibility after test hook. Before sending test stop event
[90m2024-07-29T17:42:19.194Z[39m [96mINFO[39m [97m@wdio/browserstack-service[39m Update job with sessionId bff00b746f365ff36f6cd2022aaf03687a586aef
[90m2024-07-29T17:42:19.194Z[39m [32mDEBUG[39m [97m@wdio/browserstack-service[39m Updating Browserstack session at https://api.browserstack.com/automate/sessions/bff00b746f365ff36f6cd2022aaf03687a586aef.json with request body: 
[90m2024-07-29T17:42:19.420Z[39m [32mDEBUG[39m [97m@wdio/browserstack-service[39m [BATCH_DATA] Success response: {"success":true}
[90m2024-07-29T17:42:19.420Z[39m [32mDEBUG[39m [97m@wdio/browserstack-service[39m callback: marking events success 4
[90m2024-07-29T17:42:19.755Z[39m [32mDEBUG[39m [97m@wdio/browserstack-service[39m teardown started
[90m2024-07-29T17:42:19.755Z[39m [32mDEBUG[39m [97m@wdio/browserstack-service[39m shutdown started
[90m2024-07-29T17:42:19.755Z[39m [32mDEBUG[39m [97m@wdio/browserstack-service[39m Shutting down request queue
[90m2024-07-29T17:42:19.755Z[39m [32mDEBUG[39m [97m@wdio/browserstack-service[39m calling callback with kind SHUTDOWN_QUEUE
[90m2024-07-29T17:42:19.755Z[39m [32mDEBUG[39m [97m@wdio/browserstack-service[39m callback: called with events 2
[90m2024-07-29T17:42:20.014Z[39m [32mDEBUG[39m [97m@wdio/browserstack-service[39m [BATCH_DATA] Success response: {"success":true}
[90m2024-07-29T17:42:20.014Z[39m [32mDEBUG[39m [97m@wdio/browserstack-service[39m callback: marking events success 2
[90m2024-07-29T17:42:20.014Z[39m [32mDEBUG[39m [97m@wdio/browserstack-service[39m shutdown ended
[90m2024-07-29T17:42:20.014Z[39m [32mDEBUG[39m [97m@wdio/browserstack-service[39m teardown ended
[90m2024-07-29T17:42:21.335Z[39m [32mDEBUG[39m [97m@wdio/browserstack-service[39m Added data to request queue. Queue length = 1
[90m2024-07-29T17:42:21.335Z[39m [32mDEBUG[39m [97m@wdio/browserstack-service[39m Force request-queue shutdown, as test run event is received after teardown
[90m2024-07-29T17:42:21.335Z[39m [32mDEBUG[39m [97m@wdio/browserstack-service[39m Sending data from request queue. Data length = 1, Queue length after removal = 0
[90m2024-07-29T17:42:21.335Z[39m [32mDEBUG[39m [97m@wdio/browserstack-service[39m calling callback with kind INTERVAL_QUEUE
[90m2024-07-29T17:42:21.335Z[39m [32mDEBUG[39m [97m@wdio/browserstack-service[39m callback: called with events 1
[90m2024-07-29T17:42:21.492Z[39m [32mDEBUG[39m [97m@wdio/browserstack-service[39m Inside OnComplete hook..
[90m2024-07-29T17:42:21.492Z[39m [32mDEBUG[39m [97m@wdio/browserstack-service[39m Sending stop launch event
[90m2024-07-29T17:42:21.748Z[39m [32mDEBUG[39m [97m@wdio/browserstack-service[39m [STOP_BUILD] Success response: ""
[90m2024-07-29T17:42:21.750Z[39m [32mDEBUG[39m [97m@wdio/browserstack-service[39m Reading worker file worker-data-11076.json
[90m2024-07-29T17:42:21.756Z[39m [32mDEBUG[39m [97m@wdio/browserstack-service[39m Sending SDK event with data {
  userName: 'tanmoychowdhury2',
  accessKey: '2YRJB9ASJeRXWjqwJ5u9',
  event_type: 'SDKTestSuccessful',
  detectedFramework: 'WebdriverIO-mocha',
  event_properties: {
    language_framework: 'WebdriverIO_mocha',
    referrer: 'WebdriverIO-mocha/8.39.1',
    language: 'WebdriverIO',
    languageVersion: 'v18.20.4',
    buildName: 'bstack-demo',
    buildIdentifier: 'undefined',
    sdkRunId: '475ef0a6-4540-4db8-841f-5d901f41825f',
    os: 'Windows_NT',
    hostname: 'WKWZTB3noIqqNA5',
    productMap: {
      observability: true,
      accessibility: false,
      percy: false,
      automate: true,
      app_automate: false
    },
    product: [ 'observability', 'automate' ],
    testhub_uuid: '2xtr9ixemibcuhhlcd75lewt0jjxtwdpcrbkszse',
    productUsage: {
      testObservability: {
        enabled: true,
        manuallySet: false,
        buildHashedId: '2xtr9ixemibcuhhlcd75lewt0jjxtwdpcrbkszse',
        events: {
          buildEvents: {
            started: { isTriggered: true, status: 'success', error: undefined },
            finished: { isTriggered: true, status: 'success', error: undefined }
          },
          testEvents: {
            started: { triggeredCount: 1, sentCount: 1, failedCount: 0 },
            finished: { triggeredCount: 1, sentCount: 1, failedCount: 0 },
            passed: { triggeredCount: 1, sentCount: 1, failedCount: 0 }
          },
          hookEvents: {
            started: { triggeredCount: 2, sentCount: 2, failedCount: 0 },
            finished: { triggeredCount: 2, sentCount: 2, failedCount: 0 },
            passed: { triggeredCount: 2, sentCount: 2, failedCount: 0 }
          },
          logEvents: {
            triggeredCount: 17,
            sentCount: 17,
            failedCount: 0,
            http: { triggeredCount: 17, sentCount: 17, failedCount: 0 }
          },
          cbtSessionEvents: { triggeredCount: 0, sentCount: 0, failedCount: 0 }
        }
      }
    }
  }
}
[90m2024-07-29T17:42:22.214Z[39m [32mDEBUG[39m [97m@wdio/browserstack-service[39m Funnel event success
[90m2024-07-29T17:42:23.576Z[39m [32mDEBUG[39m [97m@wdio/browserstack-service[39m Response - {
  status: 'success',
  message: 'Logs upload successful in file - logs.gz'
}
